#
# A fatal error has been detected by the Java Runtime Environment:
#
#  EXCEPTION_ACCESS_VIOLATION (0xc0000005) at pc=0x00007ffc1772e882, pid=25636, tid=19032
#
# JRE version: Java(TM) SE Runtime Environment (15.0.1+9) (build 15.0.1+9-18)
# Java VM: Java HotSpot(TM) 64-Bit Server VM (15.0.1+9-18, mixed mode, sharing, tiered, compressed oops, g1 gc, windows-amd64)
# Problematic frame:
# V  [jvm.dll+0x20e882]
#
# No core dump will be written. Minidumps are not enabled by default on client versions of Windows
#
# If you would like to submit a bug report, please visit:
#   https://bugreport.java.com/bugreport/crash.jsp
#

---------------  S U M M A R Y ------------

Command Line: -XX:+ShowCodeDetailsInExceptionMessages -agentlib:jdwp=transport=dt_socket,suspend=y,address=localhost:51664 -javaagent:C:\Users\Umair\eclipse\java-2020-09\eclipse\configuration\org.eclipse.osgi\772\0\.cp\lib\javaagent-shaded.jar -Dfile.encoding=Cp1252 com.datastructureandalgo.all.selectionSort

Host: Intel(R) Core(TM) i7-4790 CPU @ 3.60GHz, 8 cores, 15G,  Windows 10 , 64 bit Build 18362 (10.0.18362.1110)
Time: Tue Dec 22 17:28:59 2020 GMT Standard Time elapsed time: 1685.186465 seconds (0d 0h 28m 5s)

---------------  T H R E A D  ---------------

Current thread (0x0000018438ca3bb0):  JavaThread "main" [_thread_in_vm, id=19032, stack(0x000000072c700000,0x000000072c800000)]

Stack: [0x000000072c700000,0x000000072c800000],  sp=0x000000072c7ff428,  free space=1021k
Native frames: (J=compiled Java code, j=interpreted, Vv=VM code, C=native code)
V  [jvm.dll+0x20e882]

Java frames: (J=compiled Java code, j=interpreted, Vv=VM code)
j  com.datastructureandalgo.all.selectionSort.main([Ljava/lang/String;)V+107
v  ~StubRoutines::call_stub

siginfo: EXCEPTION_ACCESS_VIOLATION (0xc0000005), reading address 0x000001845c8c9e22


Register to memory mapping:

RIP=0x00007ffc1772e882 jvm.dll
RAX=0x000000000000a380 is an unknown value
RBX=0x000001845c8781d8 is pointing into metadata
RCX=0x000001845c8787c8 is pointing into metadata
RDX=0x000000000000a380 is an unknown value
RSP=0x000000072c7ff428 is pointing into the stack for thread: 0x0000018438ca3bb0
RBP=0x000000072c7ff560 is pointing into the stack for thread: 0x0000018438ca3bb0
RSI=0x0000018436be0b60 points into unknown readable memory: 0x0053005700000002 | 02 00 00 00 57 00 53 00
RDI=0x0000018438ca3bb0 is a thread
R8 =0x0 is NULL
R9 =0x000001845c8781d8 is pointing into metadata
R10=0x0000018440ed0000 points into unknown readable memory: 0x0000000000000006 | 06 00 00 00 00 00 00 00
R11={method} {0x000001845c878678} 'main' '([Ljava/lang/String;)V' in 'com/datastructureandalgo/all/selectionSort'
R12=0x0000018438ca4080 points into unknown readable memory: 0x0000000000000000 | 00 00 00 00 00 00 00 00
R13=0x0 is NULL
R14=0x0000018438ca4090 points into unknown readable memory: 0x2f6f692f6176616a | 6a 61 76 61 2f 69 6f 2f
R15=0x00000000000000b6 is an unknown value


Registers:
RAX=0x000000000000a380, RBX=0x000001845c8781d8, RCX=0x000001845c8787c8, RDX=0x000000000000a380
RSP=0x000000072c7ff428, RBP=0x000000072c7ff560, RSI=0x0000018436be0b60, RDI=0x0000018438ca3bb0
R8 =0x0000000000000000, R9 =0x000001845c8781d8, R10=0x0000018440ed0000, R11=0x000001845c878670
R12=0x0000018438ca4080, R13=0x0000000000000000, R14=0x0000018438ca4090, R15=0x00000000000000b6
RIP=0x00007ffc1772e882, EFLAGS=0x0000000000010206

Top of Stack: (sp=0x000000072c7ff428)
0x000000072c7ff428:   00007ffc1772e8fe 000000000000003c
0x000000072c7ff438:   0000018436bf1380 000001845c878670
0x000000072c7ff448:   0000018438ca3bb0 0000000000000000
0x000000072c7ff458:   00007ffc1786d611 0000000000000000
0x000000072c7ff468:   0000018436be0b60 0000000000000000
0x000000072c7ff478:   0000000000000000 0000018436bf1388
0x000000072c7ff488:   00007ffc17a0bd96 000001845c878670
0x000000072c7ff498:   0000018438ca3bb0 000001845ce19d40
0x000000072c7ff4a8:   0000000000000000 000000000000006b
0x000000072c7ff4b8:   00000000000000d8 000000072c7ff788
0x000000072c7ff4c8:   0000018440efd072 0000018440ed8a90
0x000000072c7ff4d8:   0000018400000000 000000072c7ff7e0
0x000000072c7ff4e8:   000000072c7ff788 0000018438ca4468
0x000000072c7ff4f8:   0000018400000000 0000018438d5d4f0
0x000000072c7ff508:   000001845cf9db28 000000000000006b
0x000000072c7ff518:   0000018438ca4480 0000018438ca4558 

Instructions: (pc=0x00007ffc1772e882)
0x00007ffc1772e782:   03 03 03 03 03 03 03 03 03 03 03 03 03 03 03 03
0x00007ffc1772e792:   03 03 03 03 03 03 03 03 03 03 03 03 03 03 03 03
0x00007ffc1772e7a2:   03 03 03 03 03 03 03 03 03 03 03 03 03 03 03 03
0x00007ffc1772e7b2:   03 03 03 03 03 03 03 03 03 02 03 03 02 cc 48 89
0x00007ffc1772e7c2:   5c 24 08 48 89 74 24 10 57 48 83 ec 20 48 63 da
0x00007ffc1772e7d2:   41 0f b6 f0 48 8b f9 85 d2 79 24 4c 8d 0d 9c 97
0x00007ffc1772e7e2:   66 00 ba af 02 00 00 4c 8d 05 c8 97 66 00 48 8d
0x00007ffc1772e7f2:   0d 41 97 66 00 e8 54 79 00 00 e8 3f c1 41 00 40
0x00007ffc1772e802:   84 f6 75 18 48 8b 4f 10 48 85 c9 74 0f 48 8d 43
0x00007ffc1772e812:   01 48 c1 e0 05 48 8b 04 08 0f b7 d8 48 8b 74 24
0x00007ffc1772e822:   38 48 63 c3 48 8b 5c 24 30 0f b7 44 c7 48 48 83
0x00007ffc1772e832:   c4 20 5f c3 cc cc cc cc cc cc cc cc cc cc 4c 8b
0x00007ffc1772e842:   c9 45 84 c0 75 41 48 8b 49 10 48 85 c9 74 38 85
0x00007ffc1772e852:   d2 79 19 f7 d2 8b c2 48 ff c0 48 c1 e0 05 48 8b
0x00007ffc1772e862:   04 08 0f b7 c8 41 0f b7 44 c9 4a c3 48 63 c2 48
0x00007ffc1772e872:   ff c0 48 c1 e0 05 48 8b 04 08 0f b7 d0 48 63 c2
0x00007ffc1772e882:   41 0f b7 44 c1 4a c3 49 8b 41 08 4c 63 c2 42 0f
0x00007ffc1772e892:   b6 44 00 04 8d 48 ef 80 f9 01 76 0e 3c 6a 74 0a
0x00007ffc1772e8a2:   48 63 c2 41 0f b7 44 c1 4a c3 43 0f b7 44 c1 4a
0x00007ffc1772e8b2:   c3 cc cc cc cc cc cc cc cc cc cc cc cc cc 40 53
0x00007ffc1772e8c2:   48 83 ec 20 48 8b d9 e8 72 ff ff ff 48 63 d0 0f
0x00007ffc1772e8d2:   b7 44 d3 48 48 8b 44 c3 48 48 83 c4 20 5b c3 cc
0x00007ffc1772e8e2:   cc cc cc cc cc cc cc cc cc cc cc cc cc cc 40 53
0x00007ffc1772e8f2:   48 83 ec 20 48 8b d9 e8 42 ff ff ff 48 63 d0 0f
0x00007ffc1772e902:   b7 44 d3 4a 48 8b 44 c3 48 48 83 c4 20 5b c3 cc
0x00007ffc1772e912:   cc cc cc cc cc cc cc cc cc cc cc cc cc cc 4c 8b
0x00007ffc1772e922:   d1 45 84 c9 75 28 4c 8b 49 10 4d 85 c9 74 1f 45
0x00007ffc1772e932:   85 c0 79 08 41 f7 d0 41 8b c0 eb 03 49 63 c0 48
0x00007ffc1772e942:   ff c0 48 c1 e0 05 4a 8b 04 08 44 0f b7 c0 49 8b
0x00007ffc1772e952:   42 08 49 63 c8 0f b6 4c 08 04 48 8b c2 88 0a c3
0x00007ffc1772e962:   cc cc cc cc cc cc cc cc cc cc cc cc cc cc 40 56
0x00007ffc1772e972:   57 41 54 41 56 41 57 48 83 ec 20 45 8b 30 49 8b 


Stack slot to memory mapping:
stack at sp + 0 slots: 0x00007ffc1772e8fe jvm.dll
stack at sp + 1 slots: 0x000000000000003c is an unknown value
stack at sp + 2 slots: 0x0000018436bf1380 points into unknown readable memory: 0x0000000000000000 | 00 00 00 00 00 00 00 00
stack at sp + 3 slots: {method} {0x000001845c878678} 'main' '([Ljava/lang/String;)V' in 'com/datastructureandalgo/all/selectionSort'
stack at sp + 4 slots: 0x0000018438ca3bb0 is a thread
stack at sp + 5 slots: 0x0 is NULL
stack at sp + 6 slots: 0x00007ffc1786d611 jvm.dll
stack at sp + 7 slots: 0x0 is NULL


---------------  P R O C E S S  ---------------

Threads class SMR info:
_java_thread_list=0x000001845cf3a8b0, length=14, elements={
0x0000018438ca3bb0, 0x000001845cc35400, 0x000001845c42b520, 0x000001845cc4d300,
0x000001845cc50dd0, 0x000001845cc51880, 0x000001845cc55b60, 0x000001845cc56650,
0x000001845cc67900, 0x000001845cd6e8b0, 0x000001845ce24dc0, 0x000001845ce480b0,
0x000001845ce4a5b0, 0x000001845cf35530
}

Java Threads: ( => current thread )
=>0x0000018438ca3bb0 JavaThread "main" [_thread_in_vm, id=19032, stack(0x000000072c700000,0x000000072c800000)]
  0x000001845cc35400 JavaThread "Reference Handler" daemon [_thread_blocked, id=21440, stack(0x000000072ce00000,0x000000072cf00000)]
  0x000001845c42b520 JavaThread "Finalizer" daemon [_thread_blocked, id=15084, stack(0x000000072cf00000,0x000000072d000000)]
  0x000001845cc4d300 JavaThread "Signal Dispatcher" daemon [_thread_blocked, id=7704, stack(0x000000072d000000,0x000000072d100000)]
  0x000001845cc50dd0 JavaThread "Attach Listener" daemon [_thread_blocked, id=14208, stack(0x000000072d100000,0x000000072d200000)]
  0x000001845cc51880 JavaThread "Service Thread" daemon [_thread_blocked, id=26396, stack(0x000000072d200000,0x000000072d300000)]
  0x000001845cc55b60 JavaThread "C2 CompilerThread0" daemon [_thread_blocked, id=24884, stack(0x000000072d300000,0x000000072d400000)]
  0x000001845cc56650 JavaThread "C1 CompilerThread0" daemon [_thread_blocked, id=22324, stack(0x000000072d400000,0x000000072d500000)]
  0x000001845cc67900 JavaThread "Sweeper thread" daemon [_thread_blocked, id=24324, stack(0x000000072d500000,0x000000072d600000)]
  0x000001845cd6e8b0 JavaThread "Common-Cleaner" daemon [_thread_blocked, id=7852, stack(0x000000072d600000,0x000000072d700000)]
  0x000001845ce24dc0 JavaThread "JDWP Transport Listener: dt_socket" daemon [_thread_blocked, id=12336, stack(0x000000072d700000,0x000000072d800000)]
  0x000001845ce480b0 JavaThread "JDWP Event Helper Thread" daemon [_thread_blocked, id=23100, stack(0x000000072d800000,0x000000072d900000)]
  0x000001845ce4a5b0 JavaThread "JDWP Command Reader" daemon [_thread_in_native, id=10768, stack(0x000000072d900000,0x000000072da00000)]
  0x000001845cf35530 JavaThread "Notification Thread" daemon [_thread_blocked, id=24100, stack(0x000000072da00000,0x000000072db00000)]

Other Threads:
  0x000001845c42b010 VMThread "VM Thread" [stack: 0x000000072cd00000,0x000000072ce00000] [id=19272]
  0x000001845cfa1a90 WatcherThread [stack: 0x000000072db00000,0x000000072dc00000] [id=11328]
  0x0000018438cf47a0 GCTaskThread "GC Thread#0" [stack: 0x000000072c800000,0x000000072c900000] [id=24504]
  0x0000018438d06150 ConcurrentGCThread "G1 Main Marker" [stack: 0x000000072c900000,0x000000072ca00000] [id=12880]
  0x0000018438d07d50 ConcurrentGCThread "G1 Conc#0" [stack: 0x000000072ca00000,0x000000072cb00000] [id=6780]
  0x000001845c2b24d0 ConcurrentGCThread "G1 Refine#0" [stack: 0x000000072cb00000,0x000000072cc00000] [id=23092]
  0x000001845c2b2fe0 ConcurrentGCThread "G1 Young RemSet Sampling" [stack: 0x000000072cc00000,0x000000072cd00000] [id=17356]

Threads with active compile tasks:

VM state: not at safepoint (normal execution)

VM Mutex/Monitor currently owned by a thread: None

Heap address: 0x00000004d5c00000, size: 4084 MB, Compressed Oops mode: Zero based, Oop shift amount: 3
CDS archive(s) mapped at: [0x0000000800000000-0x0000000800b50000-0x0000000800b50000), size 11862016, SharedBaseAddress: 0x0000000800000000, ArchiveRelocationMode: 0.
Compressed class space mapped at: 0x0000000800b50000-0x0000000840b50000, size: 1073741824
Narrow klass base: 0x0000000800000000, Narrow klass shift: 3, Narrow klass range: 0x100000000

GC Precious Log:
 CPUs: 8 total, 8 available
 Memory: 16332M
 Large Page Support: Disabled
 NUMA Support: Disabled
 Compressed Oops: Enabled (Zero based)
 Heap Region Size: 2M
 Heap Min Capacity: 8M
 Heap Initial Capacity: 256M
 Heap Max Capacity: 4084M
 Pre-touch: Disabled
 Parallel Workers: 8
 Concurrent Workers: 2
 Concurrent Refinement Workers: 8
 Periodic GC: Disabled

Heap:
 garbage-first heap   total 262144K, used 6144K [0x00000004d5c00000, 0x00000005d5000000)
  region size 2048K, 4 young (8192K), 0 survivors (0K)
 Metaspace       used 2963K, capacity 4816K, committed 5120K, reserved 1056768K
  class space    used 265K, capacity 431K, committed 512K, reserved 1048576K

Heap Regions: E=young(eden), S=young(survivor), O=old, HS=humongous(starts), HC=humongous(continues), CS=collection set, F=free, OA=open archive, CA=closed archive, TAMS=top-at-mark-start (previous, next)
|   0|0x00000004d5c00000, 0x00000004d5c00000, 0x00000004d5e00000|  0%| F|  |TAMS 0x00000004d5c00000, 0x00000004d5c00000| Untracked 
|   1|0x00000004d5e00000, 0x00000004d5e00000, 0x00000004d6000000|  0%| F|  |TAMS 0x00000004d5e00000, 0x00000004d5e00000| Untracked 
|   2|0x00000004d6000000, 0x00000004d6000000, 0x00000004d6200000|  0%| F|  |TAMS 0x00000004d6000000, 0x00000004d6000000| Untracked 
|   3|0x00000004d6200000, 0x00000004d6200000, 0x00000004d6400000|  0%| F|  |TAMS 0x00000004d6200000, 0x00000004d6200000| Untracked 
|   4|0x00000004d6400000, 0x00000004d6400000, 0x00000004d6600000|  0%| F|  |TAMS 0x00000004d6400000, 0x00000004d6400000| Untracked 
|   5|0x00000004d6600000, 0x00000004d6600000, 0x00000004d6800000|  0%| F|  |TAMS 0x00000004d6600000, 0x00000004d6600000| Untracked 
|   6|0x00000004d6800000, 0x00000004d6800000, 0x00000004d6a00000|  0%| F|  |TAMS 0x00000004d6800000, 0x00000004d6800000| Untracked 
|   7|0x00000004d6a00000, 0x00000004d6a00000, 0x00000004d6c00000|  0%| F|  |TAMS 0x00000004d6a00000, 0x00000004d6a00000| Untracked 
|   8|0x00000004d6c00000, 0x00000004d6c00000, 0x00000004d6e00000|  0%| F|  |TAMS 0x00000004d6c00000, 0x00000004d6c00000| Untracked 
|   9|0x00000004d6e00000, 0x00000004d6e00000, 0x00000004d7000000|  0%| F|  |TAMS 0x00000004d6e00000, 0x00000004d6e00000| Untracked 
|  10|0x00000004d7000000, 0x00000004d7000000, 0x00000004d7200000|  0%| F|  |TAMS 0x00000004d7000000, 0x00000004d7000000| Untracked 
|  11|0x00000004d7200000, 0x00000004d7200000, 0x00000004d7400000|  0%| F|  |TAMS 0x00000004d7200000, 0x00000004d7200000| Untracked 
|  12|0x00000004d7400000, 0x00000004d7400000, 0x00000004d7600000|  0%| F|  |TAMS 0x00000004d7400000, 0x00000004d7400000| Untracked 
|  13|0x00000004d7600000, 0x00000004d7600000, 0x00000004d7800000|  0%| F|  |TAMS 0x00000004d7600000, 0x00000004d7600000| Untracked 
|  14|0x00000004d7800000, 0x00000004d7800000, 0x00000004d7a00000|  0%| F|  |TAMS 0x00000004d7800000, 0x00000004d7800000| Untracked 
|  15|0x00000004d7a00000, 0x00000004d7a00000, 0x00000004d7c00000|  0%| F|  |TAMS 0x00000004d7a00000, 0x00000004d7a00000| Untracked 
|  16|0x00000004d7c00000, 0x00000004d7c00000, 0x00000004d7e00000|  0%| F|  |TAMS 0x00000004d7c00000, 0x00000004d7c00000| Untracked 
|  17|0x00000004d7e00000, 0x00000004d7e00000, 0x00000004d8000000|  0%| F|  |TAMS 0x00000004d7e00000, 0x00000004d7e00000| Untracked 
|  18|0x00000004d8000000, 0x00000004d8000000, 0x00000004d8200000|  0%| F|  |TAMS 0x00000004d8000000, 0x00000004d8000000| Untracked 
|  19|0x00000004d8200000, 0x00000004d8200000, 0x00000004d8400000|  0%| F|  |TAMS 0x00000004d8200000, 0x00000004d8200000| Untracked 
|  20|0x00000004d8400000, 0x00000004d8400000, 0x00000004d8600000|  0%| F|  |TAMS 0x00000004d8400000, 0x00000004d8400000| Untracked 
|  21|0x00000004d8600000, 0x00000004d8600000, 0x00000004d8800000|  0%| F|  |TAMS 0x00000004d8600000, 0x00000004d8600000| Untracked 
|  22|0x00000004d8800000, 0x00000004d8800000, 0x00000004d8a00000|  0%| F|  |TAMS 0x00000004d8800000, 0x00000004d8800000| Untracked 
|  23|0x00000004d8a00000, 0x00000004d8a00000, 0x00000004d8c00000|  0%| F|  |TAMS 0x00000004d8a00000, 0x00000004d8a00000| Untracked 
|  24|0x00000004d8c00000, 0x00000004d8c00000, 0x00000004d8e00000|  0%| F|  |TAMS 0x00000004d8c00000, 0x00000004d8c00000| Untracked 
|  25|0x00000004d8e00000, 0x00000004d8e00000, 0x00000004d9000000|  0%| F|  |TAMS 0x00000004d8e00000, 0x00000004d8e00000| Untracked 
|  26|0x00000004d9000000, 0x00000004d9000000, 0x00000004d9200000|  0%| F|  |TAMS 0x00000004d9000000, 0x00000004d9000000| Untracked 
|  27|0x00000004d9200000, 0x00000004d9200000, 0x00000004d9400000|  0%| F|  |TAMS 0x00000004d9200000, 0x00000004d9200000| Untracked 
|  28|0x00000004d9400000, 0x00000004d9400000, 0x00000004d9600000|  0%| F|  |TAMS 0x00000004d9400000, 0x00000004d9400000| Untracked 
|  29|0x00000004d9600000, 0x00000004d9600000, 0x00000004d9800000|  0%| F|  |TAMS 0x00000004d9600000, 0x00000004d9600000| Untracked 
|  30|0x00000004d9800000, 0x00000004d9800000, 0x00000004d9a00000|  0%| F|  |TAMS 0x00000004d9800000, 0x00000004d9800000| Untracked 
|  31|0x00000004d9a00000, 0x00000004d9a00000, 0x00000004d9c00000|  0%| F|  |TAMS 0x00000004d9a00000, 0x00000004d9a00000| Untracked 
|  32|0x00000004d9c00000, 0x00000004d9c00000, 0x00000004d9e00000|  0%| F|  |TAMS 0x00000004d9c00000, 0x00000004d9c00000| Untracked 
|  33|0x00000004d9e00000, 0x00000004d9e00000, 0x00000004da000000|  0%| F|  |TAMS 0x00000004d9e00000, 0x00000004d9e00000| Untracked 
|  34|0x00000004da000000, 0x00000004da000000, 0x00000004da200000|  0%| F|  |TAMS 0x00000004da000000, 0x00000004da000000| Untracked 
|  35|0x00000004da200000, 0x00000004da200000, 0x00000004da400000|  0%| F|  |TAMS 0x00000004da200000, 0x00000004da200000| Untracked 
|  36|0x00000004da400000, 0x00000004da400000, 0x00000004da600000|  0%| F|  |TAMS 0x00000004da400000, 0x00000004da400000| Untracked 
|  37|0x00000004da600000, 0x00000004da600000, 0x00000004da800000|  0%| F|  |TAMS 0x00000004da600000, 0x00000004da600000| Untracked 
|  38|0x00000004da800000, 0x00000004da800000, 0x00000004daa00000|  0%| F|  |TAMS 0x00000004da800000, 0x00000004da800000| Untracked 
|  39|0x00000004daa00000, 0x00000004daa00000, 0x00000004dac00000|  0%| F|  |TAMS 0x00000004daa00000, 0x00000004daa00000| Untracked 
|  40|0x00000004dac00000, 0x00000004dac00000, 0x00000004dae00000|  0%| F|  |TAMS 0x00000004dac00000, 0x00000004dac00000| Untracked 
|  41|0x00000004dae00000, 0x00000004dae00000, 0x00000004db000000|  0%| F|  |TAMS 0x00000004dae00000, 0x00000004dae00000| Untracked 
|  42|0x00000004db000000, 0x00000004db000000, 0x00000004db200000|  0%| F|  |TAMS 0x00000004db000000, 0x00000004db000000| Untracked 
|  43|0x00000004db200000, 0x00000004db200000, 0x00000004db400000|  0%| F|  |TAMS 0x00000004db200000, 0x00000004db200000| Untracked 
|  44|0x00000004db400000, 0x00000004db400000, 0x00000004db600000|  0%| F|  |TAMS 0x00000004db400000, 0x00000004db400000| Untracked 
|  45|0x00000004db600000, 0x00000004db600000, 0x00000004db800000|  0%| F|  |TAMS 0x00000004db600000, 0x00000004db600000| Untracked 
|  46|0x00000004db800000, 0x00000004db800000, 0x00000004dba00000|  0%| F|  |TAMS 0x00000004db800000, 0x00000004db800000| Untracked 
|  47|0x00000004dba00000, 0x00000004dba00000, 0x00000004dbc00000|  0%| F|  |TAMS 0x00000004dba00000, 0x00000004dba00000| Untracked 
|  48|0x00000004dbc00000, 0x00000004dbc00000, 0x00000004dbe00000|  0%| F|  |TAMS 0x00000004dbc00000, 0x00000004dbc00000| Untracked 
|  49|0x00000004dbe00000, 0x00000004dbe00000, 0x00000004dc000000|  0%| F|  |TAMS 0x00000004dbe00000, 0x00000004dbe00000| Untracked 
|  50|0x00000004dc000000, 0x00000004dc000000, 0x00000004dc200000|  0%| F|  |TAMS 0x00000004dc000000, 0x00000004dc000000| Untracked 
|  51|0x00000004dc200000, 0x00000004dc200000, 0x00000004dc400000|  0%| F|  |TAMS 0x00000004dc200000, 0x00000004dc200000| Untracked 
|  52|0x00000004dc400000, 0x00000004dc400000, 0x00000004dc600000|  0%| F|  |TAMS 0x00000004dc400000, 0x00000004dc400000| Untracked 
|  53|0x00000004dc600000, 0x00000004dc600000, 0x00000004dc800000|  0%| F|  |TAMS 0x00000004dc600000, 0x00000004dc600000| Untracked 
|  54|0x00000004dc800000, 0x00000004dc800000, 0x00000004dca00000|  0%| F|  |TAMS 0x00000004dc800000, 0x00000004dc800000| Untracked 
|  55|0x00000004dca00000, 0x00000004dca00000, 0x00000004dcc00000|  0%| F|  |TAMS 0x00000004dca00000, 0x00000004dca00000| Untracked 
|  56|0x00000004dcc00000, 0x00000004dcc00000, 0x00000004dce00000|  0%| F|  |TAMS 0x00000004dcc00000, 0x00000004dcc00000| Untracked 
|  57|0x00000004dce00000, 0x00000004dce00000, 0x00000004dd000000|  0%| F|  |TAMS 0x00000004dce00000, 0x00000004dce00000| Untracked 
|  58|0x00000004dd000000, 0x00000004dd000000, 0x00000004dd200000|  0%| F|  |TAMS 0x00000004dd000000, 0x00000004dd000000| Untracked 
|  59|0x00000004dd200000, 0x00000004dd200000, 0x00000004dd400000|  0%| F|  |TAMS 0x00000004dd200000, 0x00000004dd200000| Untracked 
|  60|0x00000004dd400000, 0x00000004dd400000, 0x00000004dd600000|  0%| F|  |TAMS 0x00000004dd400000, 0x00000004dd400000| Untracked 
|  61|0x00000004dd600000, 0x00000004dd600000, 0x00000004dd800000|  0%| F|  |TAMS 0x00000004dd600000, 0x00000004dd600000| Untracked 
|  62|0x00000004dd800000, 0x00000004dd800000, 0x00000004dda00000|  0%| F|  |TAMS 0x00000004dd800000, 0x00000004dd800000| Untracked 
|  63|0x00000004dda00000, 0x00000004dda00000, 0x00000004ddc00000|  0%| F|  |TAMS 0x00000004dda00000, 0x00000004dda00000| Untracked 
|  64|0x00000004ddc00000, 0x00000004ddc00000, 0x00000004dde00000|  0%| F|  |TAMS 0x00000004ddc00000, 0x00000004ddc00000| Untracked 
|  65|0x00000004dde00000, 0x00000004dde00000, 0x00000004de000000|  0%| F|  |TAMS 0x00000004dde00000, 0x00000004dde00000| Untracked 
|  66|0x00000004de000000, 0x00000004de000000, 0x00000004de200000|  0%| F|  |TAMS 0x00000004de000000, 0x00000004de000000| Untracked 
|  67|0x00000004de200000, 0x00000004de200000, 0x00000004de400000|  0%| F|  |TAMS 0x00000004de200000, 0x00000004de200000| Untracked 
|  68|0x00000004de400000, 0x00000004de400000, 0x00000004de600000|  0%| F|  |TAMS 0x00000004de400000, 0x00000004de400000| Untracked 
|  69|0x00000004de600000, 0x00000004de600000, 0x00000004de800000|  0%| F|  |TAMS 0x00000004de600000, 0x00000004de600000| Untracked 
|  70|0x00000004de800000, 0x00000004de800000, 0x00000004dea00000|  0%| F|  |TAMS 0x00000004de800000, 0x00000004de800000| Untracked 
|  71|0x00000004dea00000, 0x00000004dea00000, 0x00000004dec00000|  0%| F|  |TAMS 0x00000004dea00000, 0x00000004dea00000| Untracked 
|  72|0x00000004dec00000, 0x00000004dec00000, 0x00000004dee00000|  0%| F|  |TAMS 0x00000004dec00000, 0x00000004dec00000| Untracked 
|  73|0x00000004dee00000, 0x00000004dee00000, 0x00000004df000000|  0%| F|  |TAMS 0x00000004dee00000, 0x00000004dee00000| Untracked 
|  74|0x00000004df000000, 0x00000004df000000, 0x00000004df200000|  0%| F|  |TAMS 0x00000004df000000, 0x00000004df000000| Untracked 
|  75|0x00000004df200000, 0x00000004df200000, 0x00000004df400000|  0%| F|  |TAMS 0x00000004df200000, 0x00000004df200000| Untracked 
|  76|0x00000004df400000, 0x00000004df400000, 0x00000004df600000|  0%| F|  |TAMS 0x00000004df400000, 0x00000004df400000| Untracked 
|  77|0x00000004df600000, 0x00000004df600000, 0x00000004df800000|  0%| F|  |TAMS 0x00000004df600000, 0x00000004df600000| Untracked 
|  78|0x00000004df800000, 0x00000004df800000, 0x00000004dfa00000|  0%| F|  |TAMS 0x00000004df800000, 0x00000004df800000| Untracked 
|  79|0x00000004dfa00000, 0x00000004dfa00000, 0x00000004dfc00000|  0%| F|  |TAMS 0x00000004dfa00000, 0x00000004dfa00000| Untracked 
|  80|0x00000004dfc00000, 0x00000004dfc00000, 0x00000004dfe00000|  0%| F|  |TAMS 0x00000004dfc00000, 0x00000004dfc00000| Untracked 
|  81|0x00000004dfe00000, 0x00000004dfe00000, 0x00000004e0000000|  0%| F|  |TAMS 0x00000004dfe00000, 0x00000004dfe00000| Untracked 
|  82|0x00000004e0000000, 0x00000004e0000000, 0x00000004e0200000|  0%| F|  |TAMS 0x00000004e0000000, 0x00000004e0000000| Untracked 
|  83|0x00000004e0200000, 0x00000004e0200000, 0x00000004e0400000|  0%| F|  |TAMS 0x00000004e0200000, 0x00000004e0200000| Untracked 
|  84|0x00000004e0400000, 0x00000004e0400000, 0x00000004e0600000|  0%| F|  |TAMS 0x00000004e0400000, 0x00000004e0400000| Untracked 
|  85|0x00000004e0600000, 0x00000004e0600000, 0x00000004e0800000|  0%| F|  |TAMS 0x00000004e0600000, 0x00000004e0600000| Untracked 
|  86|0x00000004e0800000, 0x00000004e0800000, 0x00000004e0a00000|  0%| F|  |TAMS 0x00000004e0800000, 0x00000004e0800000| Untracked 
|  87|0x00000004e0a00000, 0x00000004e0a00000, 0x00000004e0c00000|  0%| F|  |TAMS 0x00000004e0a00000, 0x00000004e0a00000| Untracked 
|  88|0x00000004e0c00000, 0x00000004e0c00000, 0x00000004e0e00000|  0%| F|  |TAMS 0x00000004e0c00000, 0x00000004e0c00000| Untracked 
|  89|0x00000004e0e00000, 0x00000004e0e00000, 0x00000004e1000000|  0%| F|  |TAMS 0x00000004e0e00000, 0x00000004e0e00000| Untracked 
|  90|0x00000004e1000000, 0x00000004e1000000, 0x00000004e1200000|  0%| F|  |TAMS 0x00000004e1000000, 0x00000004e1000000| Untracked 
|  91|0x00000004e1200000, 0x00000004e1200000, 0x00000004e1400000|  0%| F|  |TAMS 0x00000004e1200000, 0x00000004e1200000| Untracked 
|  92|0x00000004e1400000, 0x00000004e1400000, 0x00000004e1600000|  0%| F|  |TAMS 0x00000004e1400000, 0x00000004e1400000| Untracked 
|  93|0x00000004e1600000, 0x00000004e1600000, 0x00000004e1800000|  0%| F|  |TAMS 0x00000004e1600000, 0x00000004e1600000| Untracked 
|  94|0x00000004e1800000, 0x00000004e1800000, 0x00000004e1a00000|  0%| F|  |TAMS 0x00000004e1800000, 0x00000004e1800000| Untracked 
|  95|0x00000004e1a00000, 0x00000004e1a00000, 0x00000004e1c00000|  0%| F|  |TAMS 0x00000004e1a00000, 0x00000004e1a00000| Untracked 
|  96|0x00000004e1c00000, 0x00000004e1c00000, 0x00000004e1e00000|  0%| F|  |TAMS 0x00000004e1c00000, 0x00000004e1c00000| Untracked 
|  97|0x00000004e1e00000, 0x00000004e1e00000, 0x00000004e2000000|  0%| F|  |TAMS 0x00000004e1e00000, 0x00000004e1e00000| Untracked 
|  98|0x00000004e2000000, 0x00000004e2000000, 0x00000004e2200000|  0%| F|  |TAMS 0x00000004e2000000, 0x00000004e2000000| Untracked 
|  99|0x00000004e2200000, 0x00000004e2200000, 0x00000004e2400000|  0%| F|  |TAMS 0x00000004e2200000, 0x00000004e2200000| Untracked 
| 100|0x00000004e2400000, 0x00000004e2400000, 0x00000004e2600000|  0%| F|  |TAMS 0x00000004e2400000, 0x00000004e2400000| Untracked 
| 101|0x00000004e2600000, 0x00000004e2600000, 0x00000004e2800000|  0%| F|  |TAMS 0x00000004e2600000, 0x00000004e2600000| Untracked 
| 102|0x00000004e2800000, 0x00000004e2800000, 0x00000004e2a00000|  0%| F|  |TAMS 0x00000004e2800000, 0x00000004e2800000| Untracked 
| 103|0x00000004e2a00000, 0x00000004e2a00000, 0x00000004e2c00000|  0%| F|  |TAMS 0x00000004e2a00000, 0x00000004e2a00000| Untracked 
| 104|0x00000004e2c00000, 0x00000004e2c00000, 0x00000004e2e00000|  0%| F|  |TAMS 0x00000004e2c00000, 0x00000004e2c00000| Untracked 
| 105|0x00000004e2e00000, 0x00000004e2e00000, 0x00000004e3000000|  0%| F|  |TAMS 0x00000004e2e00000, 0x00000004e2e00000| Untracked 
| 106|0x00000004e3000000, 0x00000004e3000000, 0x00000004e3200000|  0%| F|  |TAMS 0x00000004e3000000, 0x00000004e3000000| Untracked 
| 107|0x00000004e3200000, 0x00000004e3200000, 0x00000004e3400000|  0%| F|  |TAMS 0x00000004e3200000, 0x00000004e3200000| Untracked 
| 108|0x00000004e3400000, 0x00000004e3400000, 0x00000004e3600000|  0%| F|  |TAMS 0x00000004e3400000, 0x00000004e3400000| Untracked 
| 109|0x00000004e3600000, 0x00000004e3600000, 0x00000004e3800000|  0%| F|  |TAMS 0x00000004e3600000, 0x00000004e3600000| Untracked 
| 110|0x00000004e3800000, 0x00000004e3800000, 0x00000004e3a00000|  0%| F|  |TAMS 0x00000004e3800000, 0x00000004e3800000| Untracked 
| 111|0x00000004e3a00000, 0x00000004e3a00000, 0x00000004e3c00000|  0%| F|  |TAMS 0x00000004e3a00000, 0x00000004e3a00000| Untracked 
| 112|0x00000004e3c00000, 0x00000004e3c00000, 0x00000004e3e00000|  0%| F|  |TAMS 0x00000004e3c00000, 0x00000004e3c00000| Untracked 
| 113|0x00000004e3e00000, 0x00000004e3e00000, 0x00000004e4000000|  0%| F|  |TAMS 0x00000004e3e00000, 0x00000004e3e00000| Untracked 
| 114|0x00000004e4000000, 0x00000004e4000000, 0x00000004e4200000|  0%| F|  |TAMS 0x00000004e4000000, 0x00000004e4000000| Untracked 
| 115|0x00000004e4200000, 0x00000004e4200000, 0x00000004e4400000|  0%| F|  |TAMS 0x00000004e4200000, 0x00000004e4200000| Untracked 
| 116|0x00000004e4400000, 0x00000004e4400000, 0x00000004e4600000|  0%| F|  |TAMS 0x00000004e4400000, 0x00000004e4400000| Untracked 
| 117|0x00000004e4600000, 0x00000004e4600000, 0x00000004e4800000|  0%| F|  |TAMS 0x00000004e4600000, 0x00000004e4600000| Untracked 
| 118|0x00000004e4800000, 0x00000004e4800000, 0x00000004e4a00000|  0%| F|  |TAMS 0x00000004e4800000, 0x00000004e4800000| Untracked 
| 119|0x00000004e4a00000, 0x00000004e4a00000, 0x00000004e4c00000|  0%| F|  |TAMS 0x00000004e4a00000, 0x00000004e4a00000| Untracked 
| 120|0x00000004e4c00000, 0x00000004e4c00000, 0x00000004e4e00000|  0%| F|  |TAMS 0x00000004e4c00000, 0x00000004e4c00000| Untracked 
| 121|0x00000004e4e00000, 0x00000004e4e00000, 0x00000004e5000000|  0%| F|  |TAMS 0x00000004e4e00000, 0x00000004e4e00000| Untracked 
| 122|0x00000004e5000000, 0x00000004e5000000, 0x00000004e5200000|  0%| F|  |TAMS 0x00000004e5000000, 0x00000004e5000000| Untracked 
| 123|0x00000004e5200000, 0x00000004e5200000, 0x00000004e5400000|  0%| F|  |TAMS 0x00000004e5200000, 0x00000004e5200000| Untracked 
| 124|0x00000004e5400000, 0x00000004e5471250, 0x00000004e5600000| 22%| E|  |TAMS 0x00000004e5400000, 0x00000004e5400000| Complete 
| 125|0x00000004e5600000, 0x00000004e5800000, 0x00000004e5800000|100%| E|CS|TAMS 0x00000004e5600000, 0x00000004e5600000| Complete 
| 126|0x00000004e5800000, 0x00000004e5a00000, 0x00000004e5a00000|100%| E|CS|TAMS 0x00000004e5800000, 0x00000004e5800000| Complete 
| 127|0x00000004e5a00000, 0x00000004e5c00000, 0x00000004e5c00000|100%| E|CS|TAMS 0x00000004e5a00000, 0x00000004e5a00000| Complete 

Card table byte_map: [0x0000018450a00000,0x0000018451200000] _byte_map_base: 0x000001844e352000

Marking Bits (Prev, Next): (CMBitMap*) 0x0000018438cf5010, (CMBitMap*) 0x0000018438cf5050
 Prev Bits: [0x0000018451a00000, 0x00000184559d0000)
 Next Bits: [0x00000184559d0000, 0x00000184599a0000)

Polling page: 0x0000018436b80000

Metaspace:

Usage:
  Non-class:      4.28 MB capacity,     2.63 MB ( 62%) used,     1.65 MB ( 38%) free+waste,     1.25 KB ( <1%) overhead. 
      Class:    431.00 KB capacity,   265.91 KB ( 62%) used,   164.34 KB ( 38%) free+waste,   768 bytes ( <1%) overhead. 
       Both:      4.70 MB capacity,     2.89 MB ( 62%) used,     1.81 MB ( 38%) free+waste,     2.00 KB ( <1%) overhead. 

Virtual space:
  Non-class space:        8.00 MB reserved,       4.50 MB ( 56%) committed 
      Class space:        1.00 GB reserved,     512.00 KB ( <1%) committed 
             Both:        1.01 GB reserved,       5.00 MB ( <1%) committed 

Chunk freelists:
   Non-Class:  31.00 KB
       Class:  17.00 KB
        Both:  48.00 KB

MaxMetaspaceSize: 17179869184.00 GB
CompressedClassSpaceSize: 1.00 GB

CodeHeap 'non-profiled nmethods': size=120000Kb used=148Kb max_used=148Kb free=119851Kb
 bounds [0x00000184489a0000, 0x0000018448c10000, 0x000001844fed0000]
CodeHeap 'profiled nmethods': size=120000Kb used=648Kb max_used=648Kb free=119351Kb
 bounds [0x0000018441470000, 0x00000184416e0000, 0x00000184489a0000]
CodeHeap 'non-nmethods': size=5760Kb used=1226Kb max_used=1247Kb free=4533Kb
 bounds [0x0000018440ed0000, 0x0000018441140000, 0x0000018441470000]
 total_blobs=854 nmethods=465 adapters=302
 compilation: enabled
              stopped_count=0, restarted_count=0
 full_count=0

Compilation events (20 events):
Event: 3.790 Thread 0x000001845cf8f0f0  455       4       java.lang.AbstractStringBuilder::ensureCapacityInternal (39 bytes)
Event: 3.791 Thread 0x000001845cc56650 nmethod 459 0x0000018441510990 code [0x0000018441510b80, 0x0000018441510ff8]
Event: 3.791 Thread 0x000001845cc56650  460       3       java.lang.StringLatin1::getChars (12 bytes)
Event: 3.791 Thread 0x000001845cc56650 nmethod 460 0x0000018441511210 code [0x00000184415113a0, 0x00000184415114e8]
Event: 3.792 Thread 0x000001845cf8f0f0 nmethod 455 0x00000184489c0d10 code [0x00000184489c0ea0, 0x00000184489c1298]
Event: 3.793 Thread 0x000001845cf8f0f0  461       4       java.lang.StringBuilder::append (8 bytes)
Event: 3.795 Thread 0x000001845cf8f0f0 nmethod 461 0x00000184489c1490 code [0x00000184489c1620, 0x00000184489c1b98]
Event: 3.795 Thread 0x000001845cf8f0f0  462       4       java.lang.AbstractStringBuilder::append (77 bytes)
Event: 3.798 Thread 0x000001845cf8f0f0 nmethod 462 0x00000184489c1f10 code [0x00000184489c20a0, 0x00000184489c2598]
Event: 3.798 Thread 0x000001845cf8f0f0  453       4       java.util.Objects::requireNonNull (14 bytes)
Event: 3.799 Thread 0x000001845cf8f0f0 nmethod 453 0x00000184489c2890 code [0x00000184489c2a00, 0x00000184489c2a58]
Event: 3.806 Thread 0x000001845cc55b60 nmethod 450 0x00000184489c2b90 code [0x00000184489c2da0, 0x00000184489c4950]
Event: 1604.875 Thread 0x000001845cc56650  463       3       org.eclipse.jdt.launching.internal.org.objectweb.asm.ClassReader::getItem (7 bytes)
Event: 1604.875 Thread 0x000001845cc56650 nmethod 463 0x0000018441511590 code [0x0000018441511720, 0x0000018441511858]
Event: 1604.875 Thread 0x000001845cc56650  464       3       org.eclipse.jdt.launching.internal.org.objectweb.asm.SymbolTable::hash (10 bytes)
Event: 1604.878 Thread 0x000001845cc56650 

Event: 1604.878 Thread 0x000001845cc56650  465       3       org.eclipse.jdt.launching.internal.org.objectweb.asm.Symbol::<init> (38 bytes)
Event: 1604.878 Thread 0x000001845cc56650 nmethod 465 0x0000018441511910 code [0x0000018441511ac0, 0x0000018441511d58]
Event: 1685.148 Thread 0x000001845cc56650  466       3       org.eclipse.jdt.launching.internal.org.objectweb.asm.SymbolTable$Entry::<init> (17 bytes)
Event: 1685.148 Thread 0x000001845cc56650 nmethod 466 0x0000018441511e90 code [0x0000018441512040, 0x00000184415121c8]

GC Heap History (0 events):
No events

Deoptimization events (20 events):
Event: 0.255 Thread 0x0000018438ca3bb0 DEOPT PACKING pc=0x00000184414e1a6d sp=0x000000072c7f8330
Event: 0.255 Thread 0x0000018438ca3bb0 DEOPT UNPACKING pc=0x0000018440f1e23f sp=0x000000072c7f77f8 mode 0
Event: 0.256 Thread 0x0000018438ca3bb0 DEOPT PACKING pc=0x00000184414e1a6d sp=0x000000072c7f8330
Event: 0.256 Thread 0x0000018438ca3bb0 DEOPT UNPACKING pc=0x0000018440f1e23f sp=0x000000072c7f77f8 mode 0
Event: 0.258 Thread 0x0000018438ca3bb0 DEOPT PACKING pc=0x00000184414e1a6d sp=0x000000072c7f8330
Event: 0.258 Thread 0x0000018438ca3bb0 DEOPT UNPACKING pc=0x0000018440f1e23f sp=0x000000072c7f77f8 mode 0
Event: 0.258 Thread 0x0000018438ca3bb0 DEOPT PACKING pc=0x00000184414e1a6d sp=0x000000072c7f8330
Event: 0.258 Thread 0x0000018438ca3bb0 DEOPT UNPACKING pc=0x0000018440f1e23f sp=0x000000072c7f77f8 mode 0
Event: 0.259 Thread 0x0000018438ca3bb0 DEOPT PACKING pc=0x00000184414e1a6d sp=0x000000072c7f8330
Event: 0.259 Thread 0x0000018438ca3bb0 DEOPT UNPACKING pc=0x0000018440f1e23f sp=0x000000072c7f77f8 mode 0
Event: 0.259 Thread 0x0000018438ca3bb0 DEOPT PACKING pc=0x00000184414e1a6d sp=0x000000072c7f8330
Event: 0.259 Thread 0x0000018438ca3bb0 DEOPT UNPACKING pc=0x0000018440f1e23f sp=0x000000072c7f77f8 mode 0
Event: 0.263 Thread 0x0000018438ca3bb0 DEOPT PACKING pc=0x00000184414e1a6d sp=0x000000072c7fbe10
Event: 0.263 Thread 0x0000018438ca3bb0 DEOPT UNPACKING pc=0x0000018440f1e23f sp=0x000000072c7fb2d8 mode 0
Event: 0.263 Thread 0x0000018438ca3bb0 DEOPT PACKING pc=0x00000184414e1a6d sp=0x000000072c7fbe10
Event: 0.263 Thread 0x0000018438ca3bb0 DEOPT UNPACKING pc=0x0000018440f1e23f sp=0x000000072c7fb2d8 mode 0
Event: 0.263 Thread 0x0000018438ca3bb0 DEOPT PACKING pc=0x00000184414e1a6d sp=0x000000072c7fbe10
Event: 0.263 Thread 0x0000018438ca3bb0 DEOPT UNPACKING pc=0x0000018440f1e23f sp=0x000000072c7fb2d8 mode 0
Event: 0.264 Thread 0x0000018438ca3bb0 DEOPT PACKING pc=0x00000184414e1a6d sp=0x000000072c7fbe10
Event: 0.264 Thread 0x0000018438ca3bb0 DEOPT UNPACKING pc=0x0000018440f1e23f sp=0x000000072c7fb2d8 mode 0

Classes unloaded (0 events):
No events

Classes redefined (2 events):
Event: 1604.876 Thread 0x000001845c42b010 redefined class name=com.datastructureandalgo.all.selectionSort, count=1
Event: 1685.149 Thread 0x000001845c42b010 redefined class name=com.datastructureandalgo.all.selectionSort, count=2

Internal exceptions (3 events):
Event: 0.165 Thread 0x0000018438ca3bb0 Exception <a 'java/lang/NoSuchMethodError'{0x00000004e5848118}: 'void java.lang.invoke.DirectMethodHandle$Holder.invokeStatic(java.lang.Object, java.lang.Object)'> (0x00000004e5848118) 
thrown [./open/src/hotspot/share/interpreter/linkResolver.cpp, line 782]
Event: 0.166 Thread 0x0000018438ca3bb0 Exception <a 'java/lang/NoSuchMethodError'{0x00000004e584bdc0}: 'void java.lang.invoke.DirectMethodHandle$Holder.invokeStaticInit(java.lang.Object, java.lang.Object)'> (0x00000004e584bdc0) 
thrown [./open/src/hotspot/share/interpreter/linkResolver.cpp, line 782]
Event: 0.232 Thread 0x0000018438ca3bb0 Exception <a 'java/lang/NoSuchMethodError'{0x00000004e59e7578}: 'java.lang.Object java.lang.invoke.DirectMethodHandle$Holder.invokeStatic(java.lang.Object)'> (0x00000004e59e7578) 
thrown [./open/src/hotspot/share/interpreter/linkResolver.cpp, line 782]

Events (20 events):
Event: 1685.157 Executing VM operation: ChangeBreakpoints
Event: 1685.157 Executing VM operation: ChangeBreakpoints done
Event: 1685.162 Executing VM operation: ChangeBreakpoints
Event: 1685.162 Executing VM operation: ChangeBreakpoints done
Event: 1685.163 Executing VM operation: GetFrameCount
Event: 1685.163 Executing VM operation: GetFrameCount done
Event: 1685.163 Executing VM operation: GetStackTrace
Event: 1685.163 Executing VM operation: GetStackTrace done
Event: 1685.164 Executing VM operation: GetFrameCount
Event: 1685.164 Executing VM operation: GetFrameCount done
Event: 1685.164 Executing VM operation: SetFramePop
Event: 1685.164 Executing VM operation: SetFramePop done
Event: 1685.164 Executing VM operation: GetFrameLocation
Event: 1685.164 Executing VM operation: GetFrameLocation done
Event: 1685.164 Executing VM operation: GetCurrentLocation
Event: 1685.164 Executing VM operation: GetCurrentLocation done
Event: 1685.164 Executing VM operation: ChangeSingleStep
Event: 1685.164 Executing VM operation: ChangeSingleStep done
Event: 1685.165 Executing VM operation: GetFrameLocation
Event: 1685.165 Executing VM operation: GetFrameLocation done


Dynamic libraries:
0x00007ff7d43e0000 - 0x00007ff7d43ef000 	C:\Program Files\Java\jdk-15.0.1\bin\javaw.exe
0x00007ffc79ae0000 - 0x00007ffc79cd0000 	C:\WINDOWS\SYSTEM32\ntdll.dll
0x00007ffc79090000 - 0x00007ffc79142000 	C:\WINDOWS\System32\KERNEL32.DLL
0x00007ffc76f30000 - 0x00007ffc771d5000 	C:\WINDOWS\System32\KERNELBASE.dll
0x00007ffc76b10000 - 0x00007ffc76c0a000 	C:\WINDOWS\System32\ucrtbase.dll
0x00007ffc4f9c0000 - 0x00007ffc4f9d9000 	C:\Program Files\Java\jdk-15.0.1\bin\VCRUNTIME140.dll
0x00007ffc4efa0000 - 0x00007ffc4efb8000 	C:\Program Files\Java\jdk-15.0.1\bin\jli.dll
0x00007ffc799c0000 - 0x00007ffc79a63000 	C:\WINDOWS\System32\ADVAPI32.dll
0x00007ffc793e0000 - 0x00007ffc7947e000 	C:\WINDOWS\System32\msvcrt.dll
0x00007ffc78ff0000 - 0x00007ffc79087000 	C:\WINDOWS\System32\sechost.dll
0x00007ffc788f0000 - 0x00007ffc78a10000 	C:\WINDOWS\System32\RPCRT4.dll
0x00007ffc79770000 - 0x00007ffc79904000 	C:\WINDOWS\System32\USER32.dll
0x00007ffc5d280000 - 0x00007ffc5d504000 	C:\WINDOWS\WinSxS\amd64_microsoft.windows.common-controls_6595b64144ccf1df_6.0.18362.1256_none_9e7e379be45e40e2\COMCTL32.dll
0x00007ffc76f00000 - 0x00007ffc76f21000 	C:\WINDOWS\System32\win32u.dll
0x00007ffc78cb0000 - 0x00007ffc78fe6000 	C:\WINDOWS\System32\combase.dll
0x00007ffc77b90000 - 0x00007ffc77bb6000 	C:\WINDOWS\System32\GDI32.dll
0x00007ffc76c10000 - 0x00007ffc76da6000 	C:\WINDOWS\System32\gdi32full.dll
0x00007ffc771e0000 - 0x00007ffc77261000 	C:\WINDOWS\System32\bcryptPrimitives.dll
0x00007ffc76a70000 - 0x00007ffc76b0e000 	C:\WINDOWS\System32\msvcp_win.dll
0x00007ffc6da40000 - 0x00007ffc6da4a000 	C:\WINDOWS\SYSTEM32\VERSION.dll
0x00007ffc79a70000 - 0x00007ffc79a9e000 	C:\WINDOWS\System32\IMM32.DLL
0x00007ffc674d0000 - 0x00007ffc674dc000 	C:\Program Files\Java\jdk-15.0.1\bin\vcruntime140_1.dll
0x00007ffc19a70000 - 0x00007ffc19b01000 	C:\Program Files\Java\jdk-15.0.1\bin\msvcp140.dll
0x00007ffc17520000 - 0x00007ffc1807e000 	C:\Program Files\Java\jdk-15.0.1\bin\server\jvm.dll
0x00007ffc78a10000 - 0x00007ffc78a18000 	C:\WINDOWS\System32\PSAPI.DLL
0x00007ffc66dd0000 - 0x00007ffc66dd9000 	C:\WINDOWS\SYSTEM32\WSOCK32.dll
0x00007ffc72740000 - 0x00007ffc72764000 	C:\WINDOWS\SYSTEM32\WINMM.dll
0x00007ffc79560000 - 0x00007ffc795cf000 	C:\WINDOWS\System32\WS2_32.dll
0x00007ffc72710000 - 0x00007ffc7273d000 	C:\WINDOWS\SYSTEM32\winmmbase.dll
0x00007ffc77320000 - 0x00007ffc7736a000 	C:\WINDOWS\System32\cfgmgr32.dll
0x00007ffc76990000 - 0x00007ffc769a1000 	C:\WINDOWS\System32\kernel.appcore.dll
0x00007ffc66640000 - 0x00007ffc6664a000 	C:\Program Files\Java\jdk-15.0.1\bin\jimage.dll
0x00007ffc74640000 - 0x00007ffc74834000 	C:\WINDOWS\SYSTEM32\DBGHELP.DLL
0x00007ffc67060000 - 0x00007ffc6708a000 	C:\WINDOWS\SYSTEM32\dbgcore.DLL
0x00007ffc4b900000 - 0x00007ffc4b939000 	C:\Program Files\Java\jdk-15.0.1\bin\jdwp.dll
0x00007ffc67420000 - 0x00007ffc6742e000 	C:\Program Files\Java\jdk-15.0.1\bin\instrument.dll
0x00007ffc3ba90000 - 0x00007ffc3bab5000 	C:\Program Files\Java\jdk-15.0.1\bin\java.dll
0x00007ffc77bc0000 - 0x00007ffc782a7000 	C:\WINDOWS\System32\SHELL32.dll
0x00007ffc79910000 - 0x00007ffc799b9000 	C:\WINDOWS\System32\shcore.dll
0x00007ffc773a0000 - 0x00007ffc77b21000 	C:\WINDOWS\System32\windows.storage.dll
0x00007ffc769d0000 - 0x00007ffc769f3000 	C:\WINDOWS\System32\profapi.dll
0x00007ffc76a00000 - 0x00007ffc76a4a000 	C:\WINDOWS\System32\powrprof.dll
0x00007ffc76980000 - 0x00007ffc76990000 	C:\WINDOWS\System32\UMPDC.dll
0x00007ffc79500000 - 0x00007ffc79552000 	C:\WINDOWS\System32\shlwapi.dll
0x00007ffc76a50000 - 0x00007ffc76a67000 	C:\WINDOWS\System32\cryptsp.dll
0x00007ffc5b0f0000 - 0x00007ffc5b0fb000 	C:\Program Files\Java\jdk-15.0.1\bin\dt_socket.dll
0x00007ffc75e80000 - 0x00007ffc75eba000 	C:\WINDOWS\SYSTEM32\IPHLPAPI.DLL
0x00007ffc761d0000 - 0x00007ffc76237000 	C:\WINDOWS\system32\mswsock.dll
0x00007ffc75f10000 - 0x00007ffc75fdb000 	C:\WINDOWS\SYSTEM32\DNSAPI.dll
0x00007ffc78880000 - 0x00007ffc78888000 	C:\WINDOWS\System32\NSI.dll
0x00007ffc6d970000 - 0x00007ffc6d97a000 	C:\Windows\System32\rasadhlp.dll
0x00007ffc70c40000 - 0x00007ffc70cb7000 	C:\WINDOWS\System32\fwpuclnt.dll
0x00007ffc77370000 - 0x00007ffc77396000 	C:\WINDOWS\System32\bcrypt.dll
0x00007ffc47e80000 - 0x00007ffc47e98000 	C:\Program Files\Java\jdk-15.0.1\bin\zip.dll
0x00007ffc4eea0000 - 0x00007ffc4eeb9000 	C:\Program Files\Java\jdk-15.0.1\bin\net.dll
0x00007ffc6d730000 - 0x00007ffc6d820000 	C:\WINDOWS\SYSTEM32\WINHTTP.dll
0x00007ffc4b9e0000 - 0x00007ffc4b9f2000 	C:\Program Files\Java\jdk-15.0.1\bin\nio.dll
0x00007ffc65ff0000 - 0x00007ffc66000000 	C:\Program Files\Java\jdk-15.0.1\bin\verify.dll

dbghelp: loaded successfully - version: 4.0.5 - missing functions: none
symbol engine: initialized successfully - sym options: 0x614 - pdb path: .;C:\Program Files\Java\jdk-15.0.1\bin;C:\WINDOWS\SYSTEM32;C:\WINDOWS\WinSxS\amd64_microsoft.windows.common-controls_6595b64144ccf1df_6.0.18362.1256_none_9e7e379be45e40e2;C:\Program Files\Java\jdk-15.0.1\bin\server

VM Arguments:
jvm_args: -XX:+ShowCodeDetailsInExceptionMessages -agentlib:jdwp=transport=dt_socket,suspend=y,address=localhost:51664 -javaagent:C:\Users\Umair\eclipse\java-2020-09\eclipse\configuration\org.eclipse.osgi\772\0\.cp\lib\javaagent-shaded.jar -Dfile.encoding=Cp1252 
java_command: com.datastructureandalgo.all.selectionSort
java_class_path (initial): C:\Users\Umair\eclipse-workspace\DS&ALGO\bin
Launcher Type: SUN_STANDARD

[Global flags]
     intx CICompilerCount                          = 4                                         {product} {ergonomic}
     uint ConcGCThreads                            = 2                                         {product} {ergonomic}
     uint G1ConcRefinementThreads                  = 8                                         {product} {ergonomic}
   size_t G1HeapRegionSize                         = 2097152                                   {product} {ergonomic}
    uintx GCDrainStackTargetSize                   = 64                                        {product} {ergonomic}
   size_t InitialHeapSize                          = 268435456                                 {product} {ergonomic}
   size_t MarkStackSize                            = 4194304                                   {product} {ergonomic}
   size_t MaxHeapSize                              = 4282384384                                {product} {ergonomic}
   size_t MaxNewSize                               = 2569011200                                {product} {ergonomic}
   size_t MinHeapDeltaBytes                        = 2097152                                   {product} {ergonomic}
   size_t MinHeapSize                              = 8388608                                   {product} {ergonomic}
    uintx NonNMethodCodeHeapSize                   = 5839372                                {pd product} {ergonomic}
    uintx NonProfiledCodeHeapSize                  = 122909434                              {pd product} {ergonomic}
    uintx ProfiledCodeHeapSize                     = 122909434                              {pd product} {ergonomic}
    uintx ReservedCodeCacheSize                    = 251658240                              {pd product} {ergonomic}
     bool SegmentedCodeCache                       = true                                      {product} {ergonomic}
     bool ShowCodeDetailsInExceptionMessages       = true                                   {manageable} {command line}
   size_t SoftMaxHeapSize                          = 4282384384                             {manageable} {ergonomic}
     bool UseCompressedClassPointers               = true                                 {lp64_product} {ergonomic}
     bool UseCompressedOops                        = true                                 {lp64_product} {ergonomic}
     bool UseG1GC                                  = true                                      {product} {ergonomic}
     bool UseLargePagesIndividualAllocation        = false                                  {pd product} {ergonomic}

Logging:
Log output configuration:
 #0: stdout all=warning uptime,level,tags
 #1: stderr all=off uptime,level,tags

Environment Variables:
JAVA_HOME=C:\Program Files\Java\jdk-15
PATH=C:\Program Files\Common Files\Oracle\Java\javapath;C:\Program Files (x86)\Intel\iCLS Client\;C:\Program Files\Intel\iCLS Client\;C:\Windows\system32;C:\Windows;C:\Windows\System32\Wbem;C:\Windows\System32\WindowsPowerShell\v1.0\;C:\Program Files (x86)\NVIDIA Corporation\PhysX\Common;C:\WINDOWS\system32;C:\WINDOWS;C:\WINDOWS\System32\Wbem;C:\WINDOWS\System32\WindowsPowerShell\v1.0\;C:\WINDOWS\System32\OpenSSH\;C:\Program Files\PuTTY\;C:\Program Files (x86)\Intel\Intel(R) Management Engine Components\DAL;C:\Program Files\Intel\Intel(R) Management Engine Components\DAL;C:\Program Files (x86)\Intel\Intel(R) Management Engine Components\IPT;C:\Program Files\Intel\Intel(R) Management Engine Components\IPT;C:\php;C:\Program Files\nodejs\;C:\Program Files\MySQL\MySQL Server 8.0\bin;C:\Program Files (x86)\Gow\bin;C:\Program Files\Java\jdk-15\bin;C:\Program Files\Git\cmd;C:\Program Files\Git\mingw64\bin;C:\Program Files\Git\usr\bin;C:\ProgramData\chocolatey\bin;C:\Users\Umair\AppData\Local\Programs\Python\Python38-32\Scripts\;C:\Users\Umair\AppData\Local\Programs\Python\Python38-32\;C:\Users\Umair\AppData\Local\Microsoft\WindowsApps;C:\Users\Umair\AppData\Local\Programs\Microsoft VS Code\bin;C:\Users\Umair\AppData\Local\GitHubDesktop\bin;C:\Users\Umair\AppData\Roaming\npm;C:\Program Files\nodejs;%USERPROFILE%\AppData\Local\Microsoft\WindowsApps;C:\Program Files\heroku\bin;C:\Program Files\Java\jdk-15\bin;C:\Exercism
USERNAME=Umair
OS=Windows_NT
PROCESSOR_IDENTIFIER=Intel64 Family 6 Model 60 Stepping 3, GenuineIntel



---------------  S Y S T E M  ---------------

OS:
 Windows 10 , 64 bit Build 18362 (10.0.18362.1110)
OS uptime: 4 days 23:36 hours

CPU: total 8 (initial active 8) (4 cores per cpu, 2 threads per core) family 6 model 60 stepping 3 microcode 0x27, cmov, cx8, fxsr, mmx, sse, sse2, sse3, ssse3, sse4.1, sse4.2, popcnt, vzeroupper, avx, avx2, aes, clmul, erms, lzcnt, ht, tsc, tscinvbit, bmi1, bmi2, fma, clflush

Memory: 4k page, system-wide physical 16332M (8350M free)
TotalPageFile size 18245M (AvailPageFile size 6006M)
current process WorkingSet (physical memory assigned to process): 42M, peak: 46M
current process commit charge ("private bytes"): 349M, peak: 352M

vm_info: Java HotSpot(TM) 64-Bit Server VM (15.0.1+9-18) for windows-amd64 JRE (15.0.1+9-18), built on Sep 15 2020 14:43:54 by "mach5one" with unknown MS VC++:1925

END.
